<?xml version="1.0" encoding="UTF-8"?>
<!-- Generated by org.testng.reporters.JUnitReportReporter -->
<testsuite skipped="0" hostname="ndi-lap-841" name="DemoSiteTC.HomePageTC" tests="2" failures="0" timestamp="2020-04-16T18:58:02 IST" time="0.232" errors="0">
  <testcase name="verifyTitle" time="0.155" classname="DemoSiteTC.HomePageTC"/>
  <testcase name="verifyHomepage" time="0.077" classname="DemoSiteTC.HomePageTC"/>
</testsuite> <!-- DemoSiteTC.HomePageTC -->
